<?xml version="1.0" encoding="UTF-8"?>
<!-- Generated by org.testng.reporters.JUnitReportReporter -->
<testsuite hostname="MSI" failures="0" tests="2" name="com.capstone.AadharRegister" time="8.414" errors="0" timestamp="2022-10-14T00:45:12 IST" skipped="0">
  <testcase classname="com.capstone.AadharRegister" name="ChromeBrowser" time="1.116"/>
  <system-out/>
  <testcase classname="com.capstone.AadharRegister" name="TestHome" time="7.298"/>
  <system-out/>
</testsuite> <!-- com.capstone.AadharRegister -->
