<?xml version="1.0" encoding="UTF-8"?>
<!-- Generated by org.testng.reporters.JUnitReportReporter -->
<testsuite hostname="MSI" failures="0" tests="2" name="com.capstone.AadharCitizen" time="12.493" errors="0" timestamp="2022-10-14T00:45:12 IST" skipped="0">
  <testcase classname="com.capstone.AadharCitizen" name="CitizenCheck" time="10.106"/>
  <system-out/>
  <testcase classname="com.capstone.AadharCitizen" name="ChromeBrowser" time="2.387"/>
  <system-out/>
</testsuite> <!-- com.capstone.AadharCitizen -->
